Arguments: 
  /Users/linyouxiang/.nvm/versions/node/v14.4.0/bin/node /Users/linyouxiang/.nvm/versions/node/v14.4.0/bin/yarn

PATH: 
  /Users/linyouxiang/.nvm/versions/node/v14.4.0/bin:/opt/homebrew/opt/openssl@1.1/bin:/usr/local/bin:/usr/bin:/bin:/usr/sbin:/sbin:/usr/local/go/bin:/opt/homebrew/bin:/Users/linyouxiang/java/maven-3.6.3/bin:/Users/linyouxiang/Library/Python/3.8/bin

Yarn version: 
  1.22.4

Node version: 
  14.4.0

Platform: 
  darwin x64

Trace: 
  Error: connect ECONNREFUSED 127.0.0.1:7890
      at TCPConnectWrap.afterConnect [as oncomplete] (net.js:1141:16)

npm manifest: 
  {
    "name": "FingerNFT",
    "version": "1.0.1",
    "description": "Finger NFT",
    "main": "src/main.js",
    "author": "",
    "contributors": [],
    "private": false,
    "scripts": {
      "dev": "vue-cli-service serve --mode deployment",
      "build": "node --max_old_space_size=4096 ./node_modules/@vue/cli-service/bin/vue-cli-service.js build --mode production",
      "serve": "vue-cli-service serve",
      "start": "vue-cli-service serve --open"
    },
    "browserslist": [
      "> 1%",
      "last 2 versions",
      "not ie <= 8"
    ],
    "dependencies": {
      "@babel/plugin-syntax-dynamic-import": "^7.8.3",
      "@bugsnag/js": "^7.10.5",
      "@bugsnag/plugin-vue": "^7.10.0",
      "@soerenmartius/vue3-clipboard": "^0.1.2",
      "axios": "^0.21.1",
      "babel-core": "^6.26.3",
      "babel-plugin-import": "^1.13.1",
      "babel-preset-env": "^1.7.0",
      "bignumber.js": "7.2.1",
      "compression-webpack-plugin": "6.1.1",
      "dotenv": "^8.0.0",
      "element-ui": "^2.15.1",
      "ethereumjs-util": "^7.0.10",
      "ethereumjs-wallet": "1.0.1",
      "lib-flexible": "^0.3.2",
      "normalize.css": "^8.0.1",
      "uglifyjs-webpack-plugin": "^2.2.0",
      "url-loader": "^1.1.2",
      "vue": "^3.2.0",
      "vue-cli-plugin-iview": "^2.0.0",
      "vue-lazyload": "^1.3.3",
      "vue-resource": "^1.5.3",
      "vue-router": "^4.0.0-0",
      "vue3-lazyload": "^0.2.2-beta",
      "vuex": "^4.0.0-0",
      "vuex-persist": "3.1.3"
    },
    "devDependencies": {
      "@truffle/contract": "^4.3.14",
      "@vue/cli-plugin-babel": "4.5.0",
      "@vue/cli-plugin-pwa": "4.5.0",
      "@vue/cli-plugin-router": "4.5.0",
      "@vue/cli-plugin-vuex": "4.5.0",
      "@vue/cli-service": "4.5.0",
      "@vue/compiler-sfc": "3.0.0",
      "@walletconnect/web3-provider": "^1.5.2",
      "babel-polyfill": "^6.26.0",
      "babel-preset-stage-2": "^6.24.1",
      "bn.js": "^5.2.0",
      "core-js": "^3.10.2",
      "element-plus": "^1.1.0-beta.24",
      "element-theme": "^2.0.1",
      "element-theme-chalk": "^2.15.1",
      "ethereumjs-abi": "^0.6.8",
      "lint-staged": "9.5.0",
      "node-sass": "^5.0.0",
      "prettier": "1.19.1",
      "sass": "^1.32.11",
      "sass-loader": "^10.1.1",
      "typescript": "3.9.3",
      "vue-i18n": "^9.1.6",
      "vue-loader-v16": "^16.0.0-beta.5.4",
      "web3": "^1.5.0",
      "webpack": "^4.44.2"
    },
    "extends": [
      "plugin:vue/vue3-essential",
      "eslint:recommended"
    ],
    "engines": {
      "node": ">= 8.0.0",
      "npm": ">= 5.0.0",
      "yarn": ">= 1.0.0"
    },
    "keywords": []
  }

yarn manifest: 
  No manifest

Lockfile: 
  No lockfile
